<?xml version="1.0" encoding="UTF-8"?>
<!-- Generated by org.testng.reporters.JUnitReportReporter -->
<testsuite hostname="DESKTOP-L28IVB5" failures="0" tests="6" name="com.TestLayer.LoginPageTest" time="4.497" errors="0" timestamp="12 Feb 2022 13:53:06 GMT">
  <testcase classname="com.TestLayer.LoginPageTest" name="validatePassword" time="1.453"/>
  <testcase classname="com.TestLayer.LoginPageTest" name="validateUsernameEnabledStatus" time="0.048"/>
  <testcase classname="com.TestLayer.LoginPageTest" name="validateLoginButton" time="2.680"/>
  <testcase classname="com.TestLayer.LoginPageTest" name="validateUsernameTextBox" time="0.119"/>
  <testcase classname="com.TestLayer.LoginPageTest" name="validateUsernameEnteredValue" time="0.034"/>
  <testcase classname="com.TestLayer.LoginPageTest" name="validateUsenameDisplayedStatus" time="0.163"/>
</testsuite> <!-- com.TestLayer.LoginPageTest -->
